<?xml version="1.0" encoding="UTF-8"?>
<!-- Generated by org.testng.reporters.JUnitReportReporter -->
<testsuite hostname="Rutuja" failures="0" tests="2" name="testCases.TC001_AccountRegistrationTest" time="12.892" errors="0" timestamp="2025-03-25T19:05:27 IST" skipped="0">
  <testcase classname="testCases.TC001_AccountRegistrationTest" name="verify_account_registration" time="6.976"/>
  <testcase classname="testCases.TC001_AccountRegistrationTest" name="verify_account_registration" time="5.916"/>
</testsuite> <!-- testCases.TC001_AccountRegistrationTest -->
