<?xml version="1.0" encoding="UTF-8"?>
<!-- Generated by org.testng.reporters.JUnitReportReporter -->
<testsuite hostname="Rutuja" failures="0" tests="2" name="testCases.TC_002_LoginTest" time="5.191" errors="0" timestamp="2025-03-25T19:05:27 IST" skipped="0">
  <testcase classname="testCases.TC_002_LoginTest" name="verify_login" time="2.188"/>
  <testcase classname="testCases.TC_002_LoginTest" name="verify_login" time="3.003"/>
</testsuite> <!-- testCases.TC_002_LoginTest -->
