<?xml version="1.0" encoding="UTF-8"?>
<!-- Generated by org.testng.reporters.JUnitReportReporter -->
<testsuite hostname="Rutuja" failures="0" tests="1" name="testCases.TC_002_LoginTest" time="2.318" errors="0" timestamp="2025-03-26T11:27:41 IST" skipped="0">
  <testcase classname="testCases.TC_002_LoginTest" name="verify_login" time="2.318"/>
</testsuite> <!-- testCases.TC_002_LoginTest -->
