<?xml version="1.0" encoding="UTF-8"?>
<!-- Generated by org.testng.reporters.JUnitReportReporter -->
<testsuite hostname="Rutuja" failures="0" tests="1" name="testCases.TC001_AccountRegistrationTest" time="6.612" errors="0" timestamp="2025-03-26T11:27:41 IST" skipped="0">
  <testcase classname="testCases.TC001_AccountRegistrationTest" name="verify_account_registration" time="6.612"/>
</testsuite> <!-- testCases.TC001_AccountRegistrationTest -->
